Using pre-set license
Built from '2022.3/staging' branch; Version is '2022.3.10f1 (ff3792e53c62) revision 16725906'; Using compiler version '192829333'; Build Type 'Release'
OS: 'Windows 10  (10.0.19041) 64bit Professional' Language: 'en' Physical Memory: 16334 MB
BatchMode: 1, IsHumanControllingUs: 0, StartBugReporterOnCrash: 0, Is64bit: 1, IsPro: 1

COMMAND LINE ARGUMENTS:
C:\Program Files\Unity\Hub\Editor\2022.3.10f1\Editor\Unity.exe
-adb2
-batchMode
-noUpm
-name
AssetImportWorker0
-projectPath
C:/Users/David/Documents/GitHub/Toys/Prototype 1
-logFile
Logs/AssetImportWorker0.log
-srvPort
63360
Successfully changed project path to: C:/Users/David/Documents/GitHub/Toys/Prototype 1
C:/Users/David/Documents/GitHub/Toys/Prototype 1
[UnityMemory] Configuration Parameters - Can be set up in boot.config
    "memorysetup-bucket-allocator-granularity=16"
    "memorysetup-bucket-allocator-bucket-count=8"
    "memorysetup-bucket-allocator-block-size=33554432"
    "memorysetup-bucket-allocator-block-count=8"
    "memorysetup-main-allocator-block-size=16777216"
    "memorysetup-thread-allocator-block-size=16777216"
    "memorysetup-gfx-main-allocator-block-size=16777216"
    "memorysetup-gfx-thread-allocator-block-size=16777216"
    "memorysetup-cache-allocator-block-size=4194304"
    "memorysetup-typetree-allocator-block-size=2097152"
    "memorysetup-profiler-bucket-allocator-granularity=16"
    "memorysetup-profiler-bucket-allocator-bucket-count=8"
    "memorysetup-profiler-bucket-allocator-block-size=33554432"
    "memorysetup-profiler-bucket-allocator-block-count=8"
    "memorysetup-profiler-allocator-block-size=16777216"
    "memorysetup-profiler-editor-allocator-block-size=1048576"
    "memorysetup-temp-allocator-size-main=16777216"
    "memorysetup-job-temp-allocator-block-size=2097152"
    "memorysetup-job-temp-allocator-block-size-background=1048576"
    "memorysetup-job-temp-allocator-reduction-small-platforms=262144"
    "memorysetup-allocator-temp-initial-block-size-main=262144"
    "memorysetup-allocator-temp-initial-block-size-worker=262144"
    "memorysetup-temp-allocator-size-background-worker=32768"
    "memorysetup-temp-allocator-size-job-worker=262144"
    "memorysetup-temp-allocator-size-preload-manager=33554432"
    "memorysetup-temp-allocator-size-nav-mesh-worker=65536"
    "memorysetup-temp-allocator-size-audio-worker=65536"
    "memorysetup-temp-allocator-size-cloud-worker=32768"
    "memorysetup-temp-allocator-size-gi-baking-worker=262144"
    "memorysetup-temp-allocator-size-gfx=262144"
Player connection [16948] Host "[IP] 100.64.60.32 [Port] 0 [Flags] 2 [Guid] 1682285040 [EditorId] 1682285040 [Version] 1048832 [Id] WindowsEditor(7,DESKTOP-9JFGVH4) [Debug] 1 [PackageName] WindowsEditor [ProjectName] Editor" joined multi-casting on [225.0.0.222:54997]...

Player connection [16948] Host "[IP] 100.64.60.32 [Port] 0 [Flags] 2 [Guid] 1682285040 [EditorId] 1682285040 [Version] 1048832 [Id] WindowsEditor(7,DESKTOP-9JFGVH4) [Debug] 1 [PackageName] WindowsEditor [ProjectName] Editor" joined alternative multi-casting on [225.0.0.222:34997]...

[Physics::Module] Initialized MultithreadedJobDispatcher with 15 workers.
Refreshing native plugins compatible for Editor in 6.41 ms, found 3 plugins.
Preloading 0 native plugins for Editor in 0.00 ms.
Initialize engine version: 2022.3.10f1 (ff3792e53c62)
[Subsystems] Discovering subsystems at path C:/Program Files/Unity/Hub/Editor/2022.3.10f1/Editor/Data/Resources/UnitySubsystems
[Subsystems] Discovering subsystems at path C:/Users/David/Documents/GitHub/Toys/Prototype 1/Assets
GfxDevice: creating device client; threaded=0; jobified=0
Direct3D:
    Version:  Direct3D 11.0 [level 11.1]
    Renderer: NVIDIA GeForce RTX 3070 (ID=0x2484)
    Vendor:   NVIDIA
    VRAM:     8031 MB
    Driver:   31.0.15.3742
Initialize mono
Mono path[0] = 'C:/Program Files/Unity/Hub/Editor/2022.3.10f1/Editor/Data/Managed'
Mono path[1] = 'C:/Program Files/Unity/Hub/Editor/2022.3.10f1/Editor/Data/MonoBleedingEdge/lib/mono/unityjit-win32'
Mono config path = 'C:/Program Files/Unity/Hub/Editor/2022.3.10f1/Editor/Data/MonoBleedingEdge/etc'
Using monoOptions --debugger-agent=transport=dt_socket,embedding=1,server=y,suspend=n,address=127.0.0.1:56160
Begin MonoManager ReloadAssembly
Registering precompiled unity dll's ...
Register platform support module: C:/Program Files/Unity/Hub/Editor/2022.3.10f1/Editor/Data/PlaybackEngines/WindowsStandaloneSupport/UnityEditor.WindowsStandalone.Extensions.dll
Registered in 0.009045 seconds.
- Loaded All Assemblies, in  0.328 seconds
Native extension for WindowsStandalone target not found
Mono: successfully reloaded assembly
- Finished resetting the current domain, in  0.231 seconds
Domain Reload Profiling: 558ms
	BeginReloadAssembly (99ms)
		ExecutionOrderSort (0ms)
		DisableScriptedObjects (0ms)
		BackupInstance (0ms)
		ReleaseScriptingObjects (0ms)
		CreateAndSetChildDomain (1ms)
	RebuildCommonClasses (33ms)
	RebuildNativeTypeToScriptingClass (12ms)
	initialDomainReloadingComplete (55ms)
	LoadAllAssembliesAndSetupDomain (127ms)
		LoadAssemblies (98ms)
		RebuildTransferFunctionScriptingTraits (0ms)
		AnalyzeDomain (125ms)
			TypeCache.Refresh (124ms)
				TypeCache.ScanAssembly (112ms)
			ScanForSourceGeneratedMonoScriptInfo (0ms)
			ResolveRequiredComponents (0ms)
	FinalizeReload (231ms)
		ReleaseScriptCaches (0ms)
		RebuildScriptCaches (0ms)
		SetupLoadedEditorAssemblies (179ms)
			LogAssemblyErrors (0ms)
			InitializePlatformSupportModulesInManaged (9ms)
			SetLoadedEditorAssemblies (7ms)
			RefreshPlugins (0ms)
			BeforeProcessingInitializeOnLoad (2ms)
			ProcessInitializeOnLoadAttributes (118ms)
			ProcessInitializeOnLoadMethodAttributes (43ms)
			AfterProcessingInitializeOnLoad (0ms)
			EditorAssembliesLoaded (0ms)
		ExecutionOrderSort2 (0ms)
		AwakeInstancesAfterBackupRestoration (0ms)
========================================================================
Worker process is ready to serve import requests
Begin MonoManager ReloadAssembly
- Loaded All Assemblies, in  0.578 seconds
Refreshing native plugins compatible for Editor in 2.73 ms, found 3 plugins.
Native extension for WindowsStandalone target not found
Package Manager log level set to [2]
[Package Manager] Server::EnsureServerProcessIsRunning -- launch failed, reason: Unity was launched with the -noUpm command-line argument
[Package Manager] UpmClient::Send -- Unable to send message (not connected to UPM process).
[Package Manager] Cannot connect to Unity Package Manager local server
Mono: successfully reloaded assembly
- Finished resetting the current domain, in  0.525 seconds
Domain Reload Profiling: 1101ms
	BeginReloadAssembly (144ms)
		ExecutionOrderSort (0ms)
		DisableScriptedObjects (5ms)
		BackupInstance (0ms)
		ReleaseScriptingObjects (0ms)
		CreateAndSetChildDomain (21ms)
	RebuildCommonClasses (34ms)
	RebuildNativeTypeToScriptingClass (11ms)
	initialDomainReloadingComplete (42ms)
	LoadAllAssembliesAndSetupDomain (345ms)
		LoadAssemblies (265ms)
		RebuildTransferFunctionScriptingTraits (0ms)
		AnalyzeDomain (163ms)
			TypeCache.Refresh (145ms)
				TypeCache.ScanAssembly (132ms)
			ScanForSourceGeneratedMonoScriptInfo (13ms)
			ResolveRequiredComponents (3ms)
	FinalizeReload (525ms)
		ReleaseScriptCaches (0ms)
		RebuildScriptCaches (0ms)
		SetupLoadedEditorAssemblies (384ms)
			LogAssemblyErrors (0ms)
			InitializePlatformSupportModulesInManaged (6ms)
			SetLoadedEditorAssemblies (3ms)
			RefreshPlugins (0ms)
			BeforeProcessingInitializeOnLoad (57ms)
			ProcessInitializeOnLoadAttributes (291ms)
			ProcessInitializeOnLoadMethodAttributes (18ms)
			AfterProcessingInitializeOnLoad (8ms)
			EditorAssembliesLoaded (0ms)
		ExecutionOrderSort2 (0ms)
		AwakeInstancesAfterBackupRestoration (6ms)
Launched and connected shader compiler UnityShaderCompiler.exe after 0.03 seconds
Refreshing native plugins compatible for Editor in 3.19 ms, found 3 plugins.
Preloading 0 native plugins for Editor in 0.00 ms.
Unloading 3069 Unused Serialized files (Serialized files now loaded: 0)
Unloading 31 unused Assets / (56.4 KB). Loaded Objects now: 3531.
Memory consumption went from 114.4 MB to 114.3 MB.
Total: 3.505100 ms (FindLiveObjects: 0.293500 ms CreateObjectMapping: 0.088100 ms MarkObjects: 2.978100 ms  DeleteObjects: 0.144000 ms)

AssetImportParameters requested are different than current active one (requested -> active):
  custom:container-demuxer-ogg: 62fdf1f143b41e24485cea50d1cbac27 -> 
  custom:video-decoder-ogg-theora: a1e56fd34408186e4bbccfd4996cb3dc -> 
  custom:framework-win-MediaFoundation: 216162199b28c13a410421893ffa2e32 -> 
  custom:CustomObjectIndexerAttribute: 756ad292c208cfabdd7b50bc23989ffe -> 
  custom:container-demuxer-webm: 4f35f7cbe854078d1ac9338744f61a02 -> 
  custom:container-muxer-webm: aa71ff27fc2769a1b78a27578f13a17b -> 
  custom:video-decoder-webm-vp8: 9c59270c3fd7afecdb556c50c9e8de78 -> 
  custom:SearchIndexIgnoredProperties: e643bd26f0fe6173181afceb89e7c659 -> 
  custom:AudioImporter_EditorPlatform: d09bf68614088b80899f8185d706f6e7 -> 
  custom:video-encoder-webm-vp8: eb34c28f22e8b96e1ab97ce403110664 -> 
  custom:audio-decoder-ogg-vorbis: bf7c407c2cedff20999df2af8eb42d56 -> 
  custom:audio-encoder-webm-vorbis: bf7c407c2cedff20999df2af8eb42d56 -> 
========================================================================
Received Import Request.
  Time since last request: 269131.165374 seconds.
  path: Assets/Material
  artifactKey: Guid(627f0938cb3b453428a4671a19ad7e6a) Importer(815301076,1909f56bfc062723c751e8b465ee728b)
Start importing Assets/Material using Guid(627f0938cb3b453428a4671a19ad7e6a) Importer(815301076,1909f56bfc062723c751e8b465ee728b)  -> (artifact id: 'e749c9b20c148a83b08d44f4a3ad4d7f') in 0.002236 seconds
Number of updated asset objects reloaded before import = 0
Number of asset objects unloaded after import = 0
========================================================================
Received Import Request.
  Time since last request: 3.867718 seconds.
  path: Assets/Materials
  artifactKey: Guid(627f0938cb3b453428a4671a19ad7e6a) Importer(815301076,1909f56bfc062723c751e8b465ee728b)
Start importing Assets/Materials using Guid(627f0938cb3b453428a4671a19ad7e6a) Importer(815301076,1909f56bfc062723c751e8b465ee728b)  -> (artifact id: '7390936a2d307bd0b06f48de805c718e') in 0.000412 seconds
Number of updated asset objects reloaded before import = 0
Number of asset objects unloaded after import = 0
========================================================================
Received Import Request.
  Time since last request: 9.244878 seconds.
  path: Assets/Materials/Green.mat
  artifactKey: Guid(a348e663fc98e5042875f9c49bc7ae9e) Importer(815301076,1909f56bfc062723c751e8b465ee728b)
Start importing Assets/Materials/Green.mat using Guid(a348e663fc98e5042875f9c49bc7ae9e) Importer(815301076,1909f56bfc062723c751e8b465ee728b)  -> (artifact id: '8bc6fc0bb48d1419010a4affcf7a362d') in 0.250355 seconds
Number of updated asset objects reloaded before import = 0
Number of asset objects unloaded after import = 1
========================================================================
Received Import Request.
  Time since last request: 118.188698 seconds.
  path: Assets/Materials/Green1.mat
  artifactKey: Guid(7b98a159af699f64f8e2f43fa2d4f969) Importer(815301076,1909f56bfc062723c751e8b465ee728b)
Start importing Assets/Materials/Green1.mat using Guid(7b98a159af699f64f8e2f43fa2d4f969) Importer(815301076,1909f56bfc062723c751e8b465ee728b)  -> (artifact id: '62affbc3195c562563dad234daf97802') in 0.011812 seconds
Number of updated asset objects reloaded before import = 0
Number of asset objects unloaded after import = 1
========================================================================
Received Import Request.
  Time since last request: 235.790296 seconds.
  path: Assets/Materials/Green2.mat
  artifactKey: Guid(17cf214bd892f6b4e956a5a912268dde) Importer(815301076,1909f56bfc062723c751e8b465ee728b)
Start importing Assets/Materials/Green2.mat using Guid(17cf214bd892f6b4e956a5a912268dde) Importer(815301076,1909f56bfc062723c751e8b465ee728b)  -> (artifact id: 'c6f200630710fee9f0b0d374f1ce7e32') in 0.012722 seconds
Number of updated asset objects reloaded before import = 0
Number of asset objects unloaded after import = 1
========================================================================
Received Import Request.
  Time since last request: 9.183497 seconds.
  path: Assets/Materials/NewBehaviourScript.cs
  artifactKey: Guid(667dce350451bba47a049b52db534f4f) Importer(815301076,1909f56bfc062723c751e8b465ee728b)
Start importing Assets/Materials/NewBehaviourScript.cs using Guid(667dce350451bba47a049b52db534f4f) Importer(815301076,1909f56bfc062723c751e8b465ee728b)  -> (artifact id: '44fa1d8633b724b1f252811b5548fed4') in 0.000423 seconds
Number of updated asset objects reloaded before import = 0
Number of asset objects unloaded after import = 0
========================================================================
Received Prepare
Begin MonoManager ReloadAssembly
- Loaded All Assemblies, in  0.368 seconds
Refreshing native plugins compatible for Editor in 2.43 ms, found 3 plugins.
Native extension for WindowsStandalone target not found
[Package Manager] Server::EnsureServerProcessIsRunning -- launch failed, reason: Unity was launched with the -noUpm command-line argument
[Package Manager] UpmClient::Send -- Unable to send message (not connected to UPM process).
[Package Manager] Cannot connect to Unity Package Manager local server
Mono: successfully reloaded assembly
- Finished resetting the current domain, in  0.711 seconds
Domain Reload Profiling: 1077ms
	BeginReloadAssembly (137ms)
		ExecutionOrderSort (0ms)
		DisableScriptedObjects (4ms)
		BackupInstance (0ms)
		ReleaseScriptingObjects (0ms)
		CreateAndSetChildDomain (27ms)
	RebuildCommonClasses (28ms)
	RebuildNativeTypeToScriptingClass (10ms)
	initialDomainReloadingComplete (26ms)
	LoadAllAssembliesAndSetupDomain (165ms)
		LoadAssemblies (226ms)
		RebuildTransferFunctionScriptingTraits (0ms)
		AnalyzeDomain (10ms)
			TypeCache.Refresh (5ms)
				TypeCache.ScanAssembly (0ms)
			ScanForSourceGeneratedMonoScriptInfo (0ms)
			ResolveRequiredComponents (4ms)
	FinalizeReload (711ms)
		ReleaseScriptCaches (0ms)
		RebuildScriptCaches (0ms)
		SetupLoadedEditorAssemblies (305ms)
			LogAssemblyErrors (0ms)
			InitializePlatformSupportModulesInManaged (5ms)
			SetLoadedEditorAssemblies (3ms)
			RefreshPlugins (0ms)
			BeforeProcessingInitializeOnLoad (52ms)
			ProcessInitializeOnLoadAttributes (223ms)
			ProcessInitializeOnLoadMethodAttributes (15ms)
			AfterProcessingInitializeOnLoad (7ms)
			EditorAssembliesLoaded (0ms)
		ExecutionOrderSort2 (0ms)
		AwakeInstancesAfterBackupRestoration (5ms)
Refreshing native plugins compatible for Editor in 2.36 ms, found 3 plugins.
Preloading 0 native plugins for Editor in 0.00 ms.
Unloading 3061 Unused Serialized files (Serialized files now loaded: 0)
Unloading 22 unused Assets / (30.5 KB). Loaded Objects now: 3575.
Memory consumption went from 118.0 MB to 117.9 MB.
Total: 2.530900 ms (FindLiveObjects: 0.246200 ms CreateObjectMapping: 0.081600 ms MarkObjects: 2.159600 ms  DeleteObjects: 0.042800 ms)

Prepare: number of updated asset objects reloaded= 0
AssetImportParameters requested are different than current active one (requested -> active):
  custom:container-demuxer-ogg: 62fdf1f143b41e24485cea50d1cbac27 -> 
  custom:video-decoder-ogg-theora: a1e56fd34408186e4bbccfd4996cb3dc -> 
  custom:framework-win-MediaFoundation: 216162199b28c13a410421893ffa2e32 -> 
  custom:CustomObjectIndexerAttribute: 756ad292c208cfabdd7b50bc23989ffe -> 
  custom:container-demuxer-webm: 4f35f7cbe854078d1ac9338744f61a02 -> 
  custom:container-muxer-webm: aa71ff27fc2769a1b78a27578f13a17b -> 
  custom:video-decoder-webm-vp8: 9c59270c3fd7afecdb556c50c9e8de78 -> 
  custom:SearchIndexIgnoredProperties: e643bd26f0fe6173181afceb89e7c659 -> 
  custom:AudioImporter_EditorPlatform: d09bf68614088b80899f8185d706f6e7 -> 
  custom:video-encoder-webm-vp8: eb34c28f22e8b96e1ab97ce403110664 -> 
  custom:audio-decoder-ogg-vorbis: bf7c407c2cedff20999df2af8eb42d56 -> 
  custom:audio-encoder-webm-vorbis: bf7c407c2cedff20999df2af8eb42d56 -> 
========================================================================
Received Import Request.
  Time since last request: 10.541058 seconds.
  path: Assets/Materials/Green3.mat
  artifactKey: Guid(5eb31f4aa5bfeef4ea8c56ed010eabbf) Importer(815301076,1909f56bfc062723c751e8b465ee728b)
Start importing Assets/Materials/Green3.mat using Guid(5eb31f4aa5bfeef4ea8c56ed010eabbf) Importer(815301076,1909f56bfc062723c751e8b465ee728b)  -> (artifact id: '605853b5f9ff8eb67bcb0fcc10aae5cf') in 0.070487 seconds
Number of updated asset objects reloaded before import = 0
Number of asset objects unloaded after import = 1
========================================================================
Received Import Request.
  Time since last request: 15.584518 seconds.
  path: Assets/Materials/Green4.mat
  artifactKey: Guid(9b243d08b6819ae43a7d7488d751140f) Importer(815301076,1909f56bfc062723c751e8b465ee728b)
Start importing Assets/Materials/Green4.mat using Guid(9b243d08b6819ae43a7d7488d751140f) Importer(815301076,1909f56bfc062723c751e8b465ee728b)  -> (artifact id: 'c05bdaf4e626c79b3cbadd58ddc6f1dc') in 0.011594 seconds
Number of updated asset objects reloaded before import = 0
Number of asset objects unloaded after import = 1
========================================================================
Received Import Request.
  Time since last request: 22.403853 seconds.
  path: Assets/Materials/Green5.mat
  artifactKey: Guid(b2c85be4bb1577a45a562e7422372a20) Importer(815301076,1909f56bfc062723c751e8b465ee728b)
Start importing Assets/Materials/Green5.mat using Guid(b2c85be4bb1577a45a562e7422372a20) Importer(815301076,1909f56bfc062723c751e8b465ee728b)  -> (artifact id: '35a1307be4dba89c7165ca01219c8106') in 0.010712 seconds
Number of updated asset objects reloaded before import = 0
Number of asset objects unloaded after import = 1
========================================================================
Received Import Request.
  Time since last request: 311.258270 seconds.
  path: Assets/Materials/Brown.mat
  artifactKey: Guid(4a04ecc6bcb25d44d9d1e0fb0b6bdc45) Importer(815301076,1909f56bfc062723c751e8b465ee728b)
Start importing Assets/Materials/Brown.mat using Guid(4a04ecc6bcb25d44d9d1e0fb0b6bdc45) Importer(815301076,1909f56bfc062723c751e8b465ee728b)  -> (artifact id: '6fb001372f38106cbbc4878df9533669') in 0.012772 seconds
Number of updated asset objects reloaded before import = 0
Number of asset objects unloaded after import = 1
========================================================================
Received Import Request.
  Time since last request: 72.687431 seconds.
  path: Assets/Prefabs/Tree.prefab
  artifactKey: Guid(77d5a9d0deebc944998fda8b59303b98) Importer(815301076,1909f56bfc062723c751e8b465ee728b)
Start importing Assets/Prefabs/Tree.prefab using Guid(77d5a9d0deebc944998fda8b59303b98) Importer(815301076,1909f56bfc062723c751e8b465ee728b)  -> (artifact id: 'f246285256ae7df88d21a59f26601d40') in 0.025972 seconds
Number of updated asset objects reloaded before import = 0
Number of asset objects unloaded after import = 48
========================================================================
Received Import Request.
  Time since last request: 44.912363 seconds.
  path: Assets/Materials/Grass.mat
  artifactKey: Guid(e0629de87b8b6514098c4a39f8829c1e) Importer(815301076,1909f56bfc062723c751e8b465ee728b)
Start importing Assets/Materials/Grass.mat using Guid(e0629de87b8b6514098c4a39f8829c1e) Importer(815301076,1909f56bfc062723c751e8b465ee728b)  -> (artifact id: '6d5fa9e6d20292686f8087a81858132d') in 0.010455 seconds
Number of updated asset objects reloaded before import = 0
Number of asset objects unloaded after import = 1
========================================================================
Received Import Request.
  Time since last request: 87.935498 seconds.
  path: Assets/Materials/Leaves1
  artifactKey: Guid(12589fc6e4231f94fae5c8dabcc6baef) Importer(815301076,1909f56bfc062723c751e8b465ee728b)
Start importing Assets/Materials/Leaves1 using Guid(12589fc6e4231f94fae5c8dabcc6baef) Importer(815301076,1909f56bfc062723c751e8b465ee728b)  -> (artifact id: 'adc10a79f020316251a49166505328bb') in 0.000403 seconds
Number of updated asset objects reloaded before import = 0
Number of asset objects unloaded after import = 0
========================================================================
Received Import Request.
  Time since last request: 10.106154 seconds.
  path: Assets/Materials/Leaves2
  artifactKey: Guid(3a15d8b1a87621c45830897d5f987680) Importer(815301076,1909f56bfc062723c751e8b465ee728b)
Start importing Assets/Materials/Leaves2 using Guid(3a15d8b1a87621c45830897d5f987680) Importer(815301076,1909f56bfc062723c751e8b465ee728b)  -> (artifact id: 'a5ae607fc5409aa4dccc9140b69523bb') in 0.000394 seconds
Number of updated asset objects reloaded before import = 0
Number of asset objects unloaded after import = 0
========================================================================
Received Import Request.
  Time since last request: 55.967808 seconds.
  path: Assets/Materials/Leaves2/Green1.mat
  artifactKey: Guid(7b30d1b112340464d99132aaca3672bc) Importer(815301076,1909f56bfc062723c751e8b465ee728b)
Start importing Assets/Materials/Leaves2/Green1.mat using Guid(7b30d1b112340464d99132aaca3672bc) Importer(815301076,1909f56bfc062723c751e8b465ee728b)  -> (artifact id: '12baff17e230823f771ec7698f507f39') in 0.013721 seconds
Number of updated asset objects reloaded before import = 0
Number of asset objects unloaded after import = 1
========================================================================
Received Import Request.
  Time since last request: 8.926442 seconds.
  path: Assets/Materials/Leaves2/Green2.mat
  artifactKey: Guid(ff207a2f73e27e74f9771ca52b007f4a) Importer(815301076,1909f56bfc062723c751e8b465ee728b)
Start importing Assets/Materials/Leaves2/Green2.mat using Guid(ff207a2f73e27e74f9771ca52b007f4a) Importer(815301076,1909f56bfc062723c751e8b465ee728b)  -> (artifact id: '83dafcbea8eb9927bd7fa3c257765eb7') in 0.014770 seconds
Number of updated asset objects reloaded before import = 0
Number of asset objects unloaded after import = 1
========================================================================
Received Import Request.
  Time since last request: 50.543127 seconds.
  path: Assets/Materials/Leaves2/Green1.mat
  artifactKey: Guid(7b30d1b112340464d99132aaca3672bc) Importer(815301076,1909f56bfc062723c751e8b465ee728b)
Start importing Assets/Materials/Leaves2/Green1.mat using Guid(7b30d1b112340464d99132aaca3672bc) Importer(815301076,1909f56bfc062723c751e8b465ee728b)  -> (artifact id: '26c31492be1472102d30025f143d665b') in 0.011611 seconds
Number of updated asset objects reloaded before import = 0
Number of asset objects unloaded after import = 1
========================================================================
Received Import Request.
  Time since last request: 0.000015 seconds.
  path: Assets/Materials/Leaves2/Green2 1.mat
  artifactKey: Guid(cf5463eb6af0bb143bb9143410e49ff6) Importer(815301076,1909f56bfc062723c751e8b465ee728b)
Start importing Assets/Materials/Leaves2/Green2 1.mat using Guid(cf5463eb6af0bb143bb9143410e49ff6) Importer(815301076,1909f56bfc062723c751e8b465ee728b)  -> (artifact id: '9043f550e7045b5a1915e816fdaad55a') in 0.011377 seconds
Number of updated asset objects reloaded before import = 0
Number of asset objects unloaded after import = 1
========================================================================
Received Import Request.
  Time since last request: 11.168247 seconds.
  path: Assets/Materials/Leaves2/Green3.mat
  artifactKey: Guid(34ecc9b6a78b5cc48bd6c80db4fd966a) Importer(815301076,1909f56bfc062723c751e8b465ee728b)
Start importing Assets/Materials/Leaves2/Green3.mat using Guid(34ecc9b6a78b5cc48bd6c80db4fd966a) Importer(815301076,1909f56bfc062723c751e8b465ee728b)  -> (artifact id: 'c953db8f8965d4fa838c18d2ac4f286a') in 0.014036 seconds
Number of updated asset objects reloaded before import = 0
Number of asset objects unloaded after import = 1
========================================================================
Received Import Request.
  Time since last request: 60.921200 seconds.
  path: Assets/Materials/Brown.mat
  artifactKey: Guid(4a04ecc6bcb25d44d9d1e0fb0b6bdc45) Importer(815301076,1909f56bfc062723c751e8b465ee728b)
Start importing Assets/Materials/Brown.mat using Guid(4a04ecc6bcb25d44d9d1e0fb0b6bdc45) Importer(815301076,1909f56bfc062723c751e8b465ee728b)  -> (artifact id: '219a3935c301ce00d518ebec6f9af17c') in 0.012411 seconds
Number of updated asset objects reloaded before import = 0
Number of asset objects unloaded after import = 1
========================================================================
Received Import Request.
  Time since last request: 11.194935 seconds.
  path: Assets/Prefabs/Tree.prefab
  artifactKey: Guid(77d5a9d0deebc944998fda8b59303b98) Importer(815301076,1909f56bfc062723c751e8b465ee728b)
Start importing Assets/Prefabs/Tree.prefab using Guid(77d5a9d0deebc944998fda8b59303b98) Importer(815301076,1909f56bfc062723c751e8b465ee728b)  -> (artifact id: '6c86dd87c813a52e392816529b05c21b') in 0.013897 seconds
Number of updated asset objects reloaded before import = 0
Number of asset objects unloaded after import = 48
========================================================================
Received Import Request.
  Time since last request: 126.544607 seconds.
  path: Assets/Scenes
  artifactKey: Guid(599066e0ec9b7de468786056237496b2) Importer(815301076,1909f56bfc062723c751e8b465ee728b)
Start importing Assets/Scenes using Guid(599066e0ec9b7de468786056237496b2) Importer(815301076,1909f56bfc062723c751e8b465ee728b)  -> (artifact id: 'd9cce7bba18122ba019198582b0a8591') in 0.000439 seconds
Number of updated asset objects reloaded before import = 0
Number of asset objects unloaded after import = 0
========================================================================
Received Import Request.
  Time since last request: 4.885667 seconds.
  path: Assets/Scenes/SampleScene.unity
  artifactKey: Guid(9fc0d4010bbf28b4594072e72b8655ab) Importer(815301076,1909f56bfc062723c751e8b465ee728b)
Start importing Assets/Scenes/SampleScene.unity using Guid(9fc0d4010bbf28b4594072e72b8655ab) Importer(815301076,1909f56bfc062723c751e8b465ee728b)  -> (artifact id: '07a882fd9adf9bb2f608a0e1ed13b688') in 0.000433 seconds
Number of updated asset objects reloaded before import = 0
Number of asset objects unloaded after import = 0
========================================================================
Received Import Request.
  Time since last request: 12.657450 seconds.
  path: Assets/Scenes/Environment.unity
  artifactKey: Guid(9fc0d4010bbf28b4594072e72b8655ab) Importer(815301076,1909f56bfc062723c751e8b465ee728b)
Start importing Assets/Scenes/Environment.unity using Guid(9fc0d4010bbf28b4594072e72b8655ab) Importer(815301076,1909f56bfc062723c751e8b465ee728b)  -> (artifact id: '808683a61283136b03b53c59e63f8a89') in 0.000431 seconds
Number of updated asset objects reloaded before import = 0
Number of asset objects unloaded after import = 0
========================================================================
Received Import Request.
  Time since last request: 136.563359 seconds.
  path: Assets/Prefabs/Bush.prefab
  artifactKey: Guid(def73fc0d3ea83344bb36ded42daa212) Importer(815301076,1909f56bfc062723c751e8b465ee728b)
Start importing Assets/Prefabs/Bush.prefab using Guid(def73fc0d3ea83344bb36ded42daa212) Importer(815301076,1909f56bfc062723c751e8b465ee728b)  -> (artifact id: '5b89f9081a9f4e1b1d1ba4ebf4c60fd4') in 0.013006 seconds
Number of updated asset objects reloaded before import = 0
Number of asset objects unloaded after import = 42
========================================================================
Received Import Request.
  Time since last request: 29.453375 seconds.
  path: Assets/Prefabs/Bush.prefab
  artifactKey: Guid(def73fc0d3ea83344bb36ded42daa212) Importer(815301076,1909f56bfc062723c751e8b465ee728b)
Start importing Assets/Prefabs/Bush.prefab using Guid(def73fc0d3ea83344bb36ded42daa212) Importer(815301076,1909f56bfc062723c751e8b465ee728b)  -> (artifact id: 'f751845523332b679c03dacee86010c1') in 0.010671 seconds
Number of updated asset objects reloaded before import = 0
Number of asset objects unloaded after import = 42
========================================================================
Received Import Request.
  Time since last request: 331.483176 seconds.
  path: Assets/Prefabs/Bush.prefab
  artifactKey: Guid(def73fc0d3ea83344bb36ded42daa212) Importer(815301076,1909f56bfc062723c751e8b465ee728b)
Start importing Assets/Prefabs/Bush.prefab using Guid(def73fc0d3ea83344bb36ded42daa212) Importer(815301076,1909f56bfc062723c751e8b465ee728b)  -> (artifact id: '98ab275b3970558e756239bf2b51b87b') in 0.013594 seconds
Number of updated asset objects reloaded before import = 0
Number of asset objects unloaded after import = 42
